<?xml version="1.0" encoding="UTF-8"?>
<testsuite xmlns:xsi="http://www.w3.org/2001/XMLSchema-instance" xsi:noNamespaceSchemaLocation="https://maven.apache.org/surefire/maven-surefire-plugin/xsd/surefire-test-report-3.0.xsd" version="3.0" name="TestSuite" time="22.508" tests="10" errors="0" skipped="0" failures="0">
  <properties>
[...]
</properties>
  <testcase name="runScenario" classname="runner.loginRunner" time="5.679"/>
  <testcase name="runScenario" classname="runner.loginRunner" time="3.762"/>
  <testcase name="runScenario" classname="runner.loginRunner" time="3.56"/>
  <testcase name="runScenario" classname="runner.loginRunner" time="3.673"/>
  <testcase name="runScenario" classname="runner.loginRunner" time="3.976"/>
  <testcase name="runScenario" classname="runner.loginRunner2" time="5.681"/>
  <testcase name="runScenario" classname="runner.loginRunner2" time="3.762"/>
  <testcase name="runScenario" classname="runner.loginRunner2" time="0.163"/>
  <testcase name="runScenario" classname="runner.loginRunner2" time="0.213"/>
  <testcase name="runScenario" classname="runner.loginRunner2" time="3.994"/>
</testsuite>