<?xml version="1.0" encoding="UTF-8"?>
<testng-results ignored="0" total="10" passed="10" failed="0" skipped="0">
  <reporter-output>
  </reporter-output>
  <suite started-at="2023-03-22T09:54:59 EDT" name="All Test Suite" finished-at="2023-03-22T09:55:20 EDT" duration-ms="21712">
    <groups>
      <group name="cucumber">
        <method signature="AbstractTestNGCucumberTests.runScenario(io.cucumber.testng.PickleWrapper,io.cucumber.testng.FeatureWrapper)[pri:0, instance:runner.loginRunner@771a660]" name="runScenario" class="io.cucumber.testng.AbstractTestNGCucumberTests"/>
        <method signature="AbstractTestNGCucumberTests.runScenario(io.cucumber.testng.PickleWrapper,io.cucumber.testng.FeatureWrapper)[pri:0, instance:runner.loginRunner2@15bb5034]" name="runScenario" class="io.cucumber.testng.AbstractTestNGCucumberTests"/>
      </group> <!-- cucumber -->
    </groups>
    <test started-at="2023-03-22T09:54:59 EDT" name="Runner One" finished-at="2023-03-22T09:55:20 EDT" duration-ms="21704">
      <class name="runner.loginRunner">
        <test-method is-config="true" signature="setUpClass(org.testng.ITestContext)[pri:0, instance:runner.loginRunner@771a660]" started-at="2023-03-22T09:54:59 EDT" name="setUpClass" finished-at="2023-03-22T09:54:59 EDT" duration-ms="596" status="PASS">
          <params>
            <param index="0">
              <value>
                <![CDATA[org.testng.TestRunner@16150369]]>
              </value>
            </param>
          </params>
          <reporter-output>
          </reporter-output>
        </test-method> <!-- setUpClass -->
        <test-method signature="runScenario(io.cucumber.testng.PickleWrapper,io.cucumber.testng.FeatureWrapper)[pri:0, instance:runner.loginRunner@771a660]" started-at="2023-03-22T09:54:59 EDT" name="runScenario" description="Runs Cucumber Scenarios" data-provider="scenarios" finished-at="2023-03-22T09:55:05 EDT" duration-ms="5677" status="PASS">
          <params>
            <param index="0">
              <value>
                <![CDATA["testing login functionality"]]>
              </value>
            </param>
            <param index="1">
              <value>
                <![CDATA["Test home page"]]>
              </value>
            </param>
          </params>
          <reporter-output>
          </reporter-output>
        </test-method> <!-- runScenario -->
        <test-method signature="runScenario(io.cucumber.testng.PickleWrapper,io.cucumber.testng.FeatureWrapper)[pri:0, instance:runner.loginRunner@771a660]" started-at="2023-03-22T09:55:05 EDT" name="runScenario" description="Runs Cucumber Scenarios" data-provider="scenarios" finished-at="2023-03-22T09:55:09 EDT" duration-ms="3763" status="PASS">
          <params>
            <param index="0">
              <value>
                <![CDATA["testing multiple users functionality"]]>
              </value>
            </param>
            <param index="1">
              <value>
                <![CDATA["Test home page"]]>
              </value>
            </param>
          </params>
          <reporter-output>
          </reporter-output>
        </test-method> <!-- runScenario -->
        <test-method signature="runScenario(io.cucumber.testng.PickleWrapper,io.cucumber.testng.FeatureWrapper)[pri:0, instance:runner.loginRunner@771a660]" started-at="2023-03-22T09:55:09 EDT" name="runScenario" description="Runs Cucumber Scenarios" data-provider="scenarios" finished-at="2023-03-22T09:55:12 EDT" duration-ms="3559" status="PASS">
          <params>
            <param index="0">
              <value>
                <![CDATA["testing multiple users functionality"]]>
              </value>
            </param>
            <param index="1">
              <value>
                <![CDATA["Test home page"]]>
              </value>
            </param>
          </params>
          <reporter-output>
          </reporter-output>
        </test-method> <!-- runScenario -->
        <test-method signature="runScenario(io.cucumber.testng.PickleWrapper,io.cucumber.testng.FeatureWrapper)[pri:0, instance:runner.loginRunner@771a660]" started-at="2023-03-22T09:55:12 EDT" name="runScenario" description="Runs Cucumber Scenarios" data-provider="scenarios" finished-at="2023-03-22T09:55:16 EDT" duration-ms="3837" status="PASS">
          <params>
            <param index="0">
              <value>
                <![CDATA["testing multiple users functionality"]]>
              </value>
            </param>
            <param index="1">
              <value>
                <![CDATA["Test home page"]]>
              </value>
            </param>
          </params>
          <reporter-output>
          </reporter-output>
        </test-method> <!-- runScenario -->
        <test-method signature="runScenario(io.cucumber.testng.PickleWrapper,io.cucumber.testng.FeatureWrapper)[pri:0, instance:runner.loginRunner@771a660]" started-at="2023-03-22T09:55:16 EDT" name="runScenario" description="Runs Cucumber Scenarios" data-provider="scenarios" finished-at="2023-03-22T09:55:20 EDT" duration-ms="4189" status="PASS">
          <params>
            <param index="0">
              <value>
                <![CDATA["Verify test pro home page"]]>
              </value>
            </param>
            <param index="1">
              <value>
                <![CDATA["Test home page"]]>
              </value>
            </param>
          </params>
          <reporter-output>
          </reporter-output>
        </test-method> <!-- runScenario -->
        <test-method is-config="true" signature="tearDownClass()[pri:0, instance:runner.loginRunner@771a660]" started-at="2023-03-22T09:55:20 EDT" name="tearDownClass" finished-at="2023-03-22T09:55:20 EDT" duration-ms="9" status="PASS">
          <reporter-output>
          </reporter-output>
        </test-method> <!-- tearDownClass -->
      </class> <!-- runner.loginRunner -->
    </test> <!-- Runner One -->
    <test started-at="2023-03-22T09:54:59 EDT" name="Runner Two" finished-at="2023-03-22T09:55:20 EDT" duration-ms="21712">
      <class name="runner.loginRunner2">
        <test-method is-config="true" signature="setUpClass(org.testng.ITestContext)[pri:0, instance:runner.loginRunner2@15bb5034]" started-at="2023-03-22T09:54:59 EDT" name="setUpClass" finished-at="2023-03-22T09:54:59 EDT" duration-ms="596" status="PASS">
          <params>
            <param index="0">
              <value>
                <![CDATA[org.testng.TestRunner@6b09fb41]]>
              </value>
            </param>
          </params>
          <reporter-output>
          </reporter-output>
        </test-method> <!-- setUpClass -->
        <test-method signature="runScenario(io.cucumber.testng.PickleWrapper,io.cucumber.testng.FeatureWrapper)[pri:0, instance:runner.loginRunner2@15bb5034]" started-at="2023-03-22T09:54:59 EDT" name="runScenario" description="Runs Cucumber Scenarios" data-provider="scenarios" finished-at="2023-03-22T09:55:05 EDT" duration-ms="5677" status="PASS">
          <params>
            <param index="0">
              <value>
                <![CDATA["testing login functionality"]]>
              </value>
            </param>
            <param index="1">
              <value>
                <![CDATA["Test home page"]]>
              </value>
            </param>
          </params>
          <reporter-output>
          </reporter-output>
        </test-method> <!-- runScenario -->
        <test-method signature="runScenario(io.cucumber.testng.PickleWrapper,io.cucumber.testng.FeatureWrapper)[pri:0, instance:runner.loginRunner2@15bb5034]" started-at="2023-03-22T09:55:05 EDT" name="runScenario" description="Runs Cucumber Scenarios" data-provider="scenarios" finished-at="2023-03-22T09:55:09 EDT" duration-ms="3763" status="PASS">
          <params>
            <param index="0">
              <value>
                <![CDATA["testing multiple users functionality"]]>
              </value>
            </param>
            <param index="1">
              <value>
                <![CDATA["Test home page"]]>
              </value>
            </param>
          </params>
          <reporter-output>
          </reporter-output>
        </test-method> <!-- runScenario -->
        <test-method signature="runScenario(io.cucumber.testng.PickleWrapper,io.cucumber.testng.FeatureWrapper)[pri:0, instance:runner.loginRunner2@15bb5034]" started-at="2023-03-22T09:55:09 EDT" name="runScenario" description="Runs Cucumber Scenarios" data-provider="scenarios" finished-at="2023-03-22T09:55:12 EDT" duration-ms="3723" status="PASS">
          <params>
            <param index="0">
              <value>
                <![CDATA["testing multiple users functionality"]]>
              </value>
            </param>
            <param index="1">
              <value>
                <![CDATA["Test home page"]]>
              </value>
            </param>
          </params>
          <reporter-output>
          </reporter-output>
        </test-method> <!-- runScenario -->
        <test-method signature="runScenario(io.cucumber.testng.PickleWrapper,io.cucumber.testng.FeatureWrapper)[pri:0, instance:runner.loginRunner2@15bb5034]" started-at="2023-03-22T09:55:12 EDT" name="runScenario" description="Runs Cucumber Scenarios" data-provider="scenarios" finished-at="2023-03-22T09:55:16 EDT" duration-ms="3888" status="PASS">
          <params>
            <param index="0">
              <value>
                <![CDATA["testing multiple users functionality"]]>
              </value>
            </param>
            <param index="1">
              <value>
                <![CDATA["Test home page"]]>
              </value>
            </param>
          </params>
          <reporter-output>
          </reporter-output>
        </test-method> <!-- runScenario -->
        <test-method signature="runScenario(io.cucumber.testng.PickleWrapper,io.cucumber.testng.FeatureWrapper)[pri:0, instance:runner.loginRunner2@15bb5034]" started-at="2023-03-22T09:55:16 EDT" name="runScenario" description="Runs Cucumber Scenarios" data-provider="scenarios" finished-at="2023-03-22T09:55:20 EDT" duration-ms="3993" status="PASS">
          <params>
            <param index="0">
              <value>
                <![CDATA["Verify test pro home page"]]>
              </value>
            </param>
            <param index="1">
              <value>
                <![CDATA["Test home page"]]>
              </value>
            </param>
          </params>
          <reporter-output>
          </reporter-output>
        </test-method> <!-- runScenario -->
        <test-method is-config="true" signature="tearDownClass()[pri:0, instance:runner.loginRunner2@15bb5034]" started-at="2023-03-22T09:55:20 EDT" name="tearDownClass" finished-at="2023-03-22T09:55:20 EDT" duration-ms="3" status="PASS">
          <reporter-output>
          </reporter-output>
        </test-method> <!-- tearDownClass -->
      </class> <!-- runner.loginRunner2 -->
    </test> <!-- Runner Two -->
  </suite> <!-- All Test Suite -->
</testng-results>
